0 info it worked if it ends with ok
1 verbose cli [ 'C:\\Program Files\\nodejs\\node.exe',
1 verbose cli   'C:\\Program Files\\nodejs\\node_modules\\npm\\bin\\npm-cli.js',
1 verbose cli   'run',
1 verbose cli   'serve' ]
2 info using npm@3.10.10
3 info using node@v6.11.3
4 verbose run-script [ 'preserve', 'serve', 'postserve' ]
5 info lifecycle @myriatek/reduxsense@1.0.0~preserve: @myriatek/reduxsense@1.0.0
6 silly lifecycle @myriatek/reduxsense@1.0.0~preserve: no script for preserve, continuing
7 info lifecycle @myriatek/reduxsense@1.0.0~serve: @myriatek/reduxsense@1.0.0
8 verbose lifecycle @myriatek/reduxsense@1.0.0~serve: unsafe-perm in lifecycle true
9 verbose lifecycle @myriatek/reduxsense@1.0.0~serve: PATH: C:\Program Files\nodejs\node_modules\npm\bin\node-gyp-bin;E:\Playground\DevCMalang\Reduxsense\node_modules\.bin;C:\Program Files\Git\mingw64\bin;C:\Program Files\Git\usr\bin;C:\Users\adity\bin;C:\Program Files\Docker\Docker\Resources\bin;C:\Python36\Scripts;C:\Python36;C:\ProgramData\Oracle\Java\javapath;C:\WINDOWS\system32;C:\WINDOWS;C:\WINDOWS\System32\Wbem;C:\WINDOWS\System32\WindowsPowerShell\v1.0;C:\xampp\php;C:\ProgramData\ComposerSetup\bin;C:\Program Files\Git\cmd;C:\Program Files (x86)\GtkSharp\2.12\bin;C:\Program Files (x86)\Skype\Phone;C:\Program Files (x86)\QuickTime\QTSystem;C:\Program Files (x86)\NVIDIA Corporation\PhysX\Common;C:\ProgramData\chocolatey\bin;C:\Program Files\nodejs;C:\Program Files (x86)\Yarn\bin;%SystemRoot%\system32;%SystemRoot%;%SystemRoot%\System32\Wbem;%SYSTEMROOT%\System32\WindowsPowerShell\v1.0;C:\Users\adity\AppData\Local\Microsoft\WindowsApps;C:\Users\adity\AppData\Roaming\Composer\vendor\bin;D:\Apps\Bin;C:\Program Files\Java\jdk1.8.0_131\bin;C:\Program Files (x86)\Nmap;C:\Users\adity\AppData\Local\Android\sdk\platform-tools;C:\Program Files\Heroku\bin;C:\Program Files\Microsoft VS Code\bin;C:\Users\adity\AppData\Roaming\npm;C:\Users\adity\AppData\Local\Yarn\bin
10 verbose lifecycle @myriatek/reduxsense@1.0.0~serve: CWD: E:\Playground\DevCMalang\Reduxsense
11 silly lifecycle @myriatek/reduxsense@1.0.0~serve: Args: [ '/d /s /c', 'serve' ]
12 verbose stack Error: kill ENOSYS
12 verbose stack     at exports._errnoException (util.js:1020:11)
12 verbose stack     at process.kill (internal/process.js:190:13)
12 verbose stack     at process.listener (C:\Program Files\nodejs\node_modules\npm\node_modules\npmlog\node_modules\gauge\node_modules\signal-exit\index.js:86:15)
12 verbose stack     at emitNone (events.js:91:20)
12 verbose stack     at process.emit (events.js:185:7)
12 verbose stack     at processEmit (C:\Program Files\nodejs\node_modules\npm\node_modules\npmlog\node_modules\gauge\node_modules\signal-exit\index.js:146:32)
12 verbose stack     at processEmit (C:\Program Files\nodejs\node_modules\npm\node_modules\npm-registry-client\node_modules\npmlog\node_modules\gauge\node_modules\signal-exit\index.js:146:32)
12 verbose stack     at Signal.wrap.onsignal (internal/process.js:217:44)
13 verbose cwd E:\Playground\DevCMalang\Reduxsense
14 error Windows_NT 10.0.16299
15 error argv "C:\\Program Files\\nodejs\\node.exe" "C:\\Program Files\\nodejs\\node_modules\\npm\\bin\\npm-cli.js" "run" "serve"
16 error node v6.11.3
17 error npm  v3.10.10
18 error code ENOSYS
19 error errno ENOSYS
20 error syscall kill
21 error kill ENOSYS
22 error If you need help, you may report this error at:
22 error     <https://github.com/npm/npm/issues>
23 verbose exit [ 1, true ]
